<?xml version="1.0" encoding="UTF-8"?>
<!-- Generated by org.testng.reporters.JUnitXMLReporter -->
<testsuite ignored="0" hostname="LAPTOP-Q5PNCHB6" failures="0" tests="22" name="Hackathon Test" time="5.096" errors="0" timestamp="2021-04-18T12:14:43 IST">
  <testcase classname="com.TestScenarios.TestCase" name="@BeforeClass launchBrowser" time="4.839">
    <failure type="org.openqa.selenium.remote.UnreachableBrowserException" message="Could not start a new session. Possible causes are invalid address of the remote server or browser start-up failure.
Build info: version: &amp;apos;3.141.59&amp;apos;, revision: &amp;apos;e82be7d358&amp;apos;, time: &amp;apos;2018-11-14T08:17:03&amp;apos;
System info: host: &amp;apos;LAPTOP-Q5PNCHB6&amp;apos;, ip: &amp;apos;192.168.0.128&amp;apos;, os.name: &amp;apos;Windows 10&amp;apos;, os.arch: &amp;apos;amd64&amp;apos;, os.version: &amp;apos;10.0&amp;apos;, java.version: &amp;apos;15.0.2&amp;apos;
Driver info: driver.version: RemoteWebDriver">
      <![CDATA[org.openqa.selenium.remote.UnreachableBrowserException: Could not start a new session. Possible causes are invalid address of the remote server or browser start-up failure.
Build info: version: '3.141.59', revision: 'e82be7d358', time: '2018-11-14T08:17:03'
System info: host: 'LAPTOP-Q5PNCHB6', ip: '192.168.0.128', os.name: 'Windows 10', os.arch: 'amd64', os.version: '10.0', java.version: '15.0.2'
Driver info: driver.version: RemoteWebDriver
at org.openqa.selenium.remote.RemoteWebDriver.execute(RemoteWebDriver.java:573)
at org.openqa.selenium.remote.RemoteWebDriver.startSession(RemoteWebDriver.java:213)
at org.openqa.selenium.remote.RemoteWebDriver.<init>(RemoteWebDriver.java:131)
at org.openqa.selenium.remote.RemoteWebDriver.<init>(RemoteWebDriver.java:144)
at com.Utility.DriverSetup.getWebDriver(DriverSetup.java:34)
at com.TestScenarios.TestCase.launchBrowser(TestCase.java:38)
at java.base/java.util.ArrayList.forEach(ArrayList.java:1511)
Caused by: java.net.ConnectException: Failed to connect to localhost/[0:0:0:0:0:0:0:1]:4444
at okhttp3.internal.connection.RealConnection.connectSocket(RealConnection.java:247)
at okhttp3.internal.connection.RealConnection.connect(RealConnection.java:165)
at okhttp3.internal.connection.StreamAllocation.findConnection(StreamAllocation.java:257)
at okhttp3.internal.connection.StreamAllocation.findHealthyConnection(StreamAllocation.java:135)
at okhttp3.internal.connection.StreamAllocation.newStream(StreamAllocation.java:114)
at okhttp3.internal.connection.ConnectInterceptor.intercept(ConnectInterceptor.java:42)
at okhttp3.internal.http.RealInterceptorChain.proceed(RealInterceptorChain.java:147)
at okhttp3.internal.http.RealInterceptorChain.proceed(RealInterceptorChain.java:121)
at okhttp3.internal.cache.CacheInterceptor.intercept(CacheInterceptor.java:93)
at okhttp3.internal.http.RealInterceptorChain.proceed(RealInterceptorChain.java:147)
at okhttp3.internal.http.RealInterceptorChain.proceed(RealInterceptorChain.java:121)
at okhttp3.internal.http.BridgeInterceptor.intercept(BridgeInterceptor.java:93)
at okhttp3.internal.http.RealInterceptorChain.proceed(RealInterceptorChain.java:147)
at okhttp3.internal.http.RetryAndFollowUpInterceptor.intercept(RetryAndFollowUpInterceptor.java:126)
at okhttp3.internal.http.RealInterceptorChain.proceed(RealInterceptorChain.java:147)
at okhttp3.internal.http.RealInterceptorChain.proceed(RealInterceptorChain.java:121)
at okhttp3.RealCall.getResponseWithInterceptorChain(RealCall.java:200)
at okhttp3.RealCall.execute(RealCall.java:77)
at org.openqa.selenium.remote.internal.OkHttpClient.execute(OkHttpClient.java:103)
at org.openqa.selenium.remote.ProtocolHandshake.createSession(ProtocolHandshake.java:105)
at org.openqa.selenium.remote.ProtocolHandshake.createSession(ProtocolHandshake.java:74)
at org.openqa.selenium.remote.HttpCommandExecutor.execute(HttpCommandExecutor.java:136)
at org.openqa.selenium.remote.RemoteWebDriver.execute(RemoteWebDriver.java:552)
... 31 more
Caused by: java.net.ConnectException: Connection refused: no further information
at java.base/sun.nio.ch.Net.pollConnect(Native Method)
at java.base/sun.nio.ch.Net.pollConnectNow(Net.java:660)
at java.base/sun.nio.ch.NioSocketImpl.timedFinishConnect(NioSocketImpl.java:549)
at java.base/sun.nio.ch.NioSocketImpl.connect(NioSocketImpl.java:597)
at java.base/java.net.SocksSocketImpl.connect(SocksSocketImpl.java:333)
at java.base/java.net.Socket.connect(Socket.java:648)
at okhttp3.internal.platform.Platform.connectSocket(Platform.java:129)
at okhttp3.internal.connection.RealConnection.connectSocket(RealConnection.java:245)
... 53 more
... Removed 25 stack frames]]>
    </failure>
  </testcase> <!-- @BeforeClass launchBrowser -->
  <testcase classname="com.TestScenarios.TestCase" name="@AfterClass tearDown" time="-1.618728283511E9">
    <skipped/>
  </testcase> <!-- @AfterClass tearDown -->
  <testcase classname="com.TestScenarios.TestCase" name="verifyPageTitle" time="0.0">
    <skipped/>
  </testcase> <!-- verifyPageTitle -->
  <testcase classname="com.TestScenarios.TestCase" name="hoverOnNewBikes" time="0.0">
    <skipped/>
  </testcase> <!-- hoverOnNewBikes -->
  <testcase classname="com.TestScenarios.TestCase" name="clickOnUpcomingBikes" time="0.0">
    <skipped/>
  </testcase> <!-- clickOnUpcomingBikes -->
  <testcase classname="com.TestScenarios.TestCase" name="displayManufacturerList" time="0.0">
    <skipped/>
  </testcase> <!-- displayManufacturerList -->
  <testcase classname="com.TestScenarios.TestCase" name="chooseManufacturer" time="0.0">
    <skipped/>
  </testcase> <!-- chooseManufacturer -->
  <testcase classname="com.TestScenarios.TestCase" name="scrollDownToViewMoreBikes" time="0.0">
    <skipped/>
  </testcase> <!-- scrollDownToViewMoreBikes -->
  <testcase classname="com.TestScenarios.TestCase" name="clickToViewMoreBikes" time="0.0">
    <skipped/>
  </testcase> <!-- clickToViewMoreBikes -->
  <testcase classname="com.TestScenarios.TestCase" name="displayBikesUnderFourLakhs" time="0.0">
    <skipped/>
  </testcase> <!-- displayBikesUnderFourLakhs -->
  <testcase classname="com.TestScenarios.TestCase" name="scrollUp" time="0.0">
    <skipped/>
  </testcase> <!-- scrollUp -->
  <testcase classname="com.TestScenarios.TestCase" name="hoverOnUsedCars" time="0.0">
    <skipped/>
  </testcase> <!-- hoverOnUsedCars -->
  <testcase classname="com.TestScenarios.TestCase" name="selectCity" time="0.0">
    <skipped/>
  </testcase> <!-- selectCity -->
  <testcase classname="com.TestScenarios.TestCase" name="scrollDownToViewPopularModels" time="0.0">
    <skipped/>
  </testcase> <!-- scrollDownToViewPopularModels -->
  <testcase classname="com.TestScenarios.TestCase" name="displayPopularModels" time="0.0">
    <skipped/>
  </testcase> <!-- displayPopularModels -->
  <testcase classname="com.TestScenarios.TestCase" name="navigateToHomePage" time="0.0">
    <skipped/>
  </testcase> <!-- navigateToHomePage -->
  <testcase classname="com.TestScenarios.TestCase" name="pressLoginButton" time="0.0">
    <skipped/>
  </testcase> <!-- pressLoginButton -->
  <testcase classname="com.TestScenarios.TestCase" name="clickOnContinueWithGoogle" time="0.0">
    <skipped/>
  </testcase> <!-- clickOnContinueWithGoogle -->
  <testcase classname="com.TestScenarios.TestCase" name="moveFocusToLoginWindow" time="0.0">
    <skipped/>
  </testcase> <!-- moveFocusToLoginWindow -->
  <testcase classname="com.TestScenarios.TestCase" name="enterInvalidUsername" time="0.0">
    <skipped/>
  </testcase> <!-- enterInvalidUsername -->
  <testcase classname="com.TestScenarios.TestCase" name="clickOnNext" time="0.0">
    <skipped/>
  </testcase> <!-- clickOnNext -->
  <testcase classname="com.TestScenarios.TestCase" name="emailWarningMessage" time="0.0">
    <skipped/>
  </testcase> <!-- emailWarningMessage -->
  <testcase classname="com.TestScenarios.TestCase" name="collapseLoginWindow" time="0.0">
    <skipped/>
  </testcase> <!-- collapseLoginWindow -->
  <testcase classname="com.TestScenarios.TestCase" name="moveFocusToMainWindow" time="0.0">
    <skipped/>
  </testcase> <!-- moveFocusToMainWindow -->
</testsuite> <!-- Hackathon Test -->
