<?xml version="1.0" encoding="UTF-8"?>
<!-- Generated by org.testng.reporters.JUnitReportReporter -->
<testsuite hostname="LAPTOP-Q5PNCHB6" failures="0" tests="23" name="com.TestScenarios.TestCase" time="1.839" errors="1" timestamp="2021-07-18T15:39:34 IST" skipped="22">
  <testcase classname="com.TestScenarios.TestCase" name="launchBrowser" time="1.839">
    <error message="session not created: This version of ChromeDriver only supports Chrome version 89
Current browser version is 91.0.4472.124 with binary path C:\Program Files\Google\Chrome\Application\chrome.exe
Build info: version: &#039;3.141.59&#039;, revision: &#039;e82be7d358&#039;, time: &#039;2018-11-14T08:17:03&#039;
System info: host: &#039;LAPTOP-Q5PNCHB6&#039;, ip: &#039;192.168.1.128&#039;, os.name: &#039;Windows 10&#039;, os.arch: &#039;amd64&#039;, os.version: &#039;10.0&#039;, java.version: &#039;15.0.2&#039;
Driver info: driver.version: ChromeDriver
remote stacktrace: Backtrace:
	Ordinal0 [0x000EE7D3+124883]
	Ordinal0 [0x000EE7B1+124849]
	GetHandleVerifier [0x00338688+193832]
	GetHandleVerifier [0x00353AC5+305509]
	GetHandleVerifier [0x0035021B+291003]
	GetHandleVerifier [0x0034E0AC+282444]
	GetHandleVerifier [0x00374A90+440624]
	GetHandleVerifier [0x003747FC+439964]
	GetHandleVerifier [0x0037154B+426987]
	GetHandleVerifier [0x00354FFD+310941]
	GetHandleVerifier [0x00355D8E+314414]
	GetHandleVerifier [0x00355D19+314297]
	GetHandleVerifier [0x004131EC+1089676]
	GetHandleVerifier [0x004117C9+1082985]
	GetHandleVerifier [0x004113A3+1081923]
	GetHandleVerifier [0x0050D9FD+2115741]
	Ordinal0 [0x0023B82E+1488942]
	Ordinal0 [0x001D5A7D+1071741]
	Ordinal0 [0x001D559B+1070491]
	Ordinal0 [0x001D54B1+1070257]
	Ordinal0 [0x0020FF53+1310547]
	BaseThreadInitThunk [0x7706FA29+25]
	RtlGetAppContainerNamedObjectPath [0x771B7A7E+286]
	RtlGetAppContainerNamedObjectPath [0x771B7A4E+238]
	(No symbol) [0x00000000]
" type="org.openqa.selenium.SessionNotCreatedException">
      <![CDATA[org.openqa.selenium.SessionNotCreatedException: session not created: This version of ChromeDriver only supports Chrome version 89
Current browser version is 91.0.4472.124 with binary path C:\Program Files\Google\Chrome\Application\chrome.exe
Build info: version: '3.141.59', revision: 'e82be7d358', time: '2018-11-14T08:17:03'
System info: host: 'LAPTOP-Q5PNCHB6', ip: '192.168.1.128', os.name: 'Windows 10', os.arch: 'amd64', os.version: '10.0', java.version: '15.0.2'
Driver info: driver.version: ChromeDriver
remote stacktrace: Backtrace:
Ordinal0 [0x000EE7D3+124883]
Ordinal0 [0x000EE7B1+124849]
GetHandleVerifier [0x00338688+193832]
GetHandleVerifier [0x00353AC5+305509]
GetHandleVerifier [0x0035021B+291003]
GetHandleVerifier [0x0034E0AC+282444]
GetHandleVerifier [0x00374A90+440624]
GetHandleVerifier [0x003747FC+439964]
GetHandleVerifier [0x0037154B+426987]
GetHandleVerifier [0x00354FFD+310941]
GetHandleVerifier [0x00355D8E+314414]
GetHandleVerifier [0x00355D19+314297]
GetHandleVerifier [0x004131EC+1089676]
GetHandleVerifier [0x004117C9+1082985]
GetHandleVerifier [0x004113A3+1081923]
GetHandleVerifier [0x0050D9FD+2115741]
Ordinal0 [0x0023B82E+1488942]
Ordinal0 [0x001D5A7D+1071741]
Ordinal0 [0x001D559B+1070491]
Ordinal0 [0x001D54B1+1070257]
Ordinal0 [0x0020FF53+1310547]
BaseThreadInitThunk [0x7706FA29+25]
RtlGetAppContainerNamedObjectPath [0x771B7A7E+286]
RtlGetAppContainerNamedObjectPath [0x771B7A4E+238]
(No symbol) [0x00000000]

at java.base/jdk.internal.reflect.NativeConstructorAccessorImpl.newInstance0(Native Method)
at java.base/jdk.internal.reflect.NativeConstructorAccessorImpl.newInstance(NativeConstructorAccessorImpl.java:64)
at java.base/jdk.internal.reflect.DelegatingConstructorAccessorImpl.newInstance(DelegatingConstructorAccessorImpl.java:45)
at java.base/java.lang.reflect.Constructor.newInstanceWithCaller(Constructor.java:500)
at java.base/java.lang.reflect.Constructor.newInstance(Constructor.java:481)
at org.openqa.selenium.remote.W3CHandshakeResponse.lambda$errorHandler$0(W3CHandshakeResponse.java:62)
at org.openqa.selenium.remote.HandshakeResponse.lambda$getResponseFunction$0(HandshakeResponse.java:30)
at org.openqa.selenium.remote.ProtocolHandshake.lambda$createSession$0(ProtocolHandshake.java:126)
at java.base/java.util.stream.ReferencePipeline$3$1.accept(ReferencePipeline.java:195)
at java.base/java.util.Spliterators$ArraySpliterator.tryAdvance(Spliterators.java:958)
at java.base/java.util.stream.ReferencePipeline.forEachWithCancel(ReferencePipeline.java:127)
at java.base/java.util.stream.AbstractPipeline.copyIntoWithCancel(AbstractPipeline.java:502)
at java.base/java.util.stream.AbstractPipeline.copyInto(AbstractPipeline.java:488)
at java.base/java.util.stream.AbstractPipeline.wrapAndCopyInto(AbstractPipeline.java:474)
at java.base/java.util.stream.FindOps$FindOp.evaluateSequential(FindOps.java:150)
at java.base/java.util.stream.AbstractPipeline.evaluate(AbstractPipeline.java:234)
at java.base/java.util.stream.ReferencePipeline.findFirst(ReferencePipeline.java:543)
at org.openqa.selenium.remote.ProtocolHandshake.createSession(ProtocolHandshake.java:128)
at org.openqa.selenium.remote.ProtocolHandshake.createSession(ProtocolHandshake.java:74)
at org.openqa.selenium.remote.HttpCommandExecutor.execute(HttpCommandExecutor.java:136)
at org.openqa.selenium.remote.service.DriverCommandExecutor.execute(DriverCommandExecutor.java:83)
at org.openqa.selenium.remote.RemoteWebDriver.execute(RemoteWebDriver.java:552)
at org.openqa.selenium.remote.RemoteWebDriver.startSession(RemoteWebDriver.java:213)
at org.openqa.selenium.remote.RemoteWebDriver.<init>(RemoteWebDriver.java:131)
at org.openqa.selenium.chrome.ChromeDriver.<init>(ChromeDriver.java:181)
at org.openqa.selenium.chrome.ChromeDriver.<init>(ChromeDriver.java:168)
at org.openqa.selenium.chrome.ChromeDriver.<init>(ChromeDriver.java:157)
at com.Utility.DriverSetup.getWebDriver(DriverSetup.java:37)
at com.TestScenarios.TestCase.launchBrowser(TestCase.java:38)
at java.base/jdk.internal.reflect.NativeMethodAccessorImpl.invoke0(Native Method)
at java.base/jdk.internal.reflect.NativeMethodAccessorImpl.invoke(NativeMethodAccessorImpl.java:64)
at java.base/jdk.internal.reflect.DelegatingMethodAccessorImpl.invoke(DelegatingMethodAccessorImpl.java:43)
at java.base/java.lang.reflect.Method.invoke(Method.java:564)
at org.testng.internal.MethodInvocationHelper.invokeMethod(MethodInvocationHelper.java:132)
at org.testng.internal.MethodInvocationHelper.invokeMethodConsideringTimeout(MethodInvocationHelper.java:61)
at org.testng.internal.ConfigInvoker.invokeConfigurationMethod(ConfigInvoker.java:366)
at org.testng.internal.ConfigInvoker.invokeConfigurations(ConfigInvoker.java:320)
at org.testng.internal.TestMethodWorker.invokeBeforeClassMethods(TestMethodWorker.java:176)
at org.testng.internal.TestMethodWorker.run(TestMethodWorker.java:122)
at java.base/java.util.ArrayList.forEach(ArrayList.java:1511)
at org.testng.TestRunner.privateRun(TestRunner.java:764)
at org.testng.TestRunner.run(TestRunner.java:585)
at org.testng.SuiteRunner.runTest(SuiteRunner.java:384)
at org.testng.SuiteRunner.runSequentially(SuiteRunner.java:378)
at org.testng.SuiteRunner.privateRun(SuiteRunner.java:337)
at org.testng.SuiteRunner.run(SuiteRunner.java:286)
at org.testng.SuiteRunnerWorker.runSuite(SuiteRunnerWorker.java:53)
at org.testng.SuiteRunnerWorker.run(SuiteRunnerWorker.java:96)
at org.testng.TestNG.runSuitesSequentially(TestNG.java:1218)
at org.testng.TestNG.runSuitesLocally(TestNG.java:1140)
at org.testng.TestNG.runSuites(TestNG.java:1069)
at org.testng.TestNG.run(TestNG.java:1037)
at org.testng.remote.AbstractRemoteTestNG.run(AbstractRemoteTestNG.java:115)
at org.testng.remote.RemoteTestNG.initAndRun(RemoteTestNG.java:251)
at org.testng.remote.RemoteTestNG.main(RemoteTestNG.java:77)
]]>
    </error>
  </testcase> <!-- launchBrowser -->
  <system-out/>
  <testcase classname="com.TestScenarios.TestCase" name="verifyPageTitle" time="0.000">
    <skipped/>
  </testcase> <!-- verifyPageTitle -->
  <system-out/>
  <testcase classname="com.TestScenarios.TestCase" name="hoverOnNewBikes" time="0.000">
    <skipped/>
  </testcase> <!-- hoverOnNewBikes -->
  <system-out/>
  <testcase classname="com.TestScenarios.TestCase" name="clickOnUpcomingBikes" time="0.000">
    <skipped/>
  </testcase> <!-- clickOnUpcomingBikes -->
  <system-out/>
  <testcase classname="com.TestScenarios.TestCase" name="displayManufacturerList" time="0.000">
    <skipped/>
  </testcase> <!-- displayManufacturerList -->
  <system-out/>
  <testcase classname="com.TestScenarios.TestCase" name="chooseManufacturer" time="0.000">
    <skipped/>
  </testcase> <!-- chooseManufacturer -->
  <system-out/>
  <testcase classname="com.TestScenarios.TestCase" name="scrollDownToViewMoreBikes" time="0.000">
    <skipped/>
  </testcase> <!-- scrollDownToViewMoreBikes -->
  <system-out/>
  <testcase classname="com.TestScenarios.TestCase" name="clickToViewMoreBikes" time="0.000">
    <skipped/>
  </testcase> <!-- clickToViewMoreBikes -->
  <system-out/>
  <testcase classname="com.TestScenarios.TestCase" name="displayBikesUnderFourLakhs" time="0.000">
    <skipped/>
  </testcase> <!-- displayBikesUnderFourLakhs -->
  <system-out/>
  <testcase classname="com.TestScenarios.TestCase" name="scrollUp" time="0.000">
    <skipped/>
  </testcase> <!-- scrollUp -->
  <system-out/>
  <testcase classname="com.TestScenarios.TestCase" name="hoverOnUsedCars" time="0.000">
    <skipped/>
  </testcase> <!-- hoverOnUsedCars -->
  <system-out/>
  <testcase classname="com.TestScenarios.TestCase" name="selectCity" time="0.000">
    <skipped/>
  </testcase> <!-- selectCity -->
  <system-out/>
  <testcase classname="com.TestScenarios.TestCase" name="scrollDownToViewPopularModels" time="0.000">
    <skipped/>
  </testcase> <!-- scrollDownToViewPopularModels -->
  <system-out/>
  <testcase classname="com.TestScenarios.TestCase" name="displayPopularModels" time="0.000">
    <skipped/>
  </testcase> <!-- displayPopularModels -->
  <system-out/>
  <testcase classname="com.TestScenarios.TestCase" name="navigateToHomePage" time="0.000">
    <skipped/>
  </testcase> <!-- navigateToHomePage -->
  <system-out/>
  <testcase classname="com.TestScenarios.TestCase" name="pressLoginButton" time="0.000">
    <skipped/>
  </testcase> <!-- pressLoginButton -->
  <system-out/>
  <testcase classname="com.TestScenarios.TestCase" name="clickOnContinueWithGoogle" time="0.000">
    <skipped/>
  </testcase> <!-- clickOnContinueWithGoogle -->
  <system-out/>
  <testcase classname="com.TestScenarios.TestCase" name="moveFocusToLoginWindow" time="0.000">
    <skipped/>
  </testcase> <!-- moveFocusToLoginWindow -->
  <system-out/>
  <testcase classname="com.TestScenarios.TestCase" name="enterInvalidUsername" time="0.000">
    <skipped/>
  </testcase> <!-- enterInvalidUsername -->
  <system-out/>
  <testcase classname="com.TestScenarios.TestCase" name="clickOnNext" time="0.000">
    <skipped/>
  </testcase> <!-- clickOnNext -->
  <system-out/>
  <testcase classname="com.TestScenarios.TestCase" name="emailWarningMessage" time="0.000">
    <skipped/>
  </testcase> <!-- emailWarningMessage -->
  <system-out/>
  <testcase classname="com.TestScenarios.TestCase" name="collapseLoginWindow" time="0.000">
    <skipped/>
  </testcase> <!-- collapseLoginWindow -->
  <system-out/>
  <testcase classname="com.TestScenarios.TestCase" name="moveFocusToMainWindow" time="0.000">
    <skipped/>
  </testcase> <!-- moveFocusToMainWindow -->
  <system-out/>
</testsuite> <!-- com.TestScenarios.TestCase -->
